Base path: /Applications/Unity/Unity.app/Contents
Pipe name: \\.\pipe\UnityShaderCompiler-1--1594093100
Cmd: getPlatforms
Cmd: preprocess
  insize=9628 outsize=2300 ok=1
Cmd: compileSnippet
  api=0 type=0 insize=6976 outsize=328 kw= ok=1
Cmd: compileSnippet
  api=0 type=1 insize=6976 outsize=649 kw= ok=1
Cmd: compileSnippet
  api=0 type=0 insize=6972 outsize=328 kw= ok=1
Cmd: compileSnippet
  api=0 type=1 insize=6972 outsize=908 kw= ok=1
Cmd: compileSnippet
  api=0 type=0 insize=6972 outsize=328 kw= ok=1
Cmd: compileSnippet
  api=0 type=1 insize=6972 outsize=749 kw= ok=1
Cmd: compileSnippet
  api=0 type=0 insize=6979 outsize=328 kw= ok=1
Cmd: compileSnippet
  api=0 type=1 insize=6979 outsize=701 kw= ok=1
Cmd: compileSnippet
  api=0 type=0 insize=6975 outsize=328 kw= ok=1
Cmd: compileSnippet
  api=0 type=1 insize=6975 outsize=887 kw= ok=1
Cmd: compileSnippet
  api=0 type=0 insize=6975 outsize=328 kw= ok=1
Cmd: compileSnippet
  api=0 type=1 insize=6975 outsize=618 kw= ok=1
Cmd: compileSnippet
  api=0 type=0 insize=6984 outsize=328 kw= ok=1
Cmd: compileSnippet
  api=0 type=1 insize=6984 outsize=420 kw= ok=1
Cmd: compileSnippet
  api=0 type=0 insize=6989 outsize=328 kw= ok=1
Cmd: compileSnippet
  api=0 type=1 insize=6989 outsize=524 kw= ok=1
Cmd: compileSnippet
  api=0 type=0 insize=6982 outsize=328 kw= ok=1
Cmd: compileSnippet
  api=0 type=1 insize=6982 outsize=292 kw= ok=1
Cmd: compileSnippet
  api=0 type=0 insize=6980 outsize=328 kw= ok=1
Cmd: compileSnippet
  api=0 type=1 insize=6980 outsize=689 kw= ok=1
Cmd: compileSnippet
  api=0 type=0 insize=6987 outsize=328 kw= ok=1
Cmd: compileSnippet
  api=0 type=1 insize=6987 outsize=660 kw= ok=1
Cmd: preprocess
  insize=11084 outsize=719 ok=1
Cmd: compileSnippet
  api=0 type=0 insize=10526 outsize=328 kw= ok=1
Cmd: compileSnippet
  api=0 type=1 insize=10526 outsize=729 kw= ok=1
Cmd: compileSnippet
  api=0 type=0 insize=10549 outsize=332 kw= ok=1
Cmd: compileSnippet
  api=0 type=1 insize=10549 outsize=4483 kw= ok=1
Cmd: compileSnippet
  api=0 type=0 insize=10548 outsize=332 kw= ok=1
Cmd: compileSnippet
  api=0 type=1 insize=10548 outsize=4547 kw= ok=1
Cmd: preprocess
  insize=4203 outsize=523 ok=1
Cmd: compileSnippet
  api=0 type=0 insize=3976 outsize=590 kw= ok=1
Cmd: compileSnippet
  api=0 type=1 insize=3976 outsize=1059 kw= ok=1
Cmd: compileSnippet
  api=0 type=0 insize=3981 outsize=639 kw= ok=1
Cmd: compileSnippet
  api=0 type=1 insize=3981 outsize=1183 kw= ok=1
Cmd: preprocess
  insize=1685 outsize=352 ok=1
Cmd: compileSnippet
  api=0 type=0 insize=1635 outsize=584 kw= ok=1
Cmd: compileSnippet
  api=0 type=1 insize=1635 outsize=817 kw= ok=1
Cmd: preprocess
  insize=919 outsize=353 ok=1
Cmd: compileSnippet
  api=0 type=0 insize=869 outsize=328 kw= ok=1
Cmd: compileSnippet
  api=0 type=1 insize=869 outsize=456 kw= ok=1
Cmd: preprocess
  insize=1006 outsize=316 ok=1
Cmd: compileSnippet
  api=0 type=0 insize=995 outsize=328 kw= ok=1
Cmd: compileSnippet
  api=0 type=1 insize=995 outsize=315 kw= ok=1
Cmd: preprocess
  insize=1989 outsize=486 ok=1
Cmd: compileSnippet
  api=0 type=0 insize=1805 outsize=428 kw= ok=1
Cmd: compileSnippet
  api=0 type=1 insize=1805 outsize=732 kw= ok=1
Cmd: preprocess
  insize=1284 outsize=412 ok=1
Cmd: compileSnippet
  api=0 type=0 insize=1177 outsize=375 kw= ok=1
Cmd: compileSnippet
  api=0 type=1 insize=1177 outsize=495 kw= ok=1
Cmd: preprocess
  insize=539 outsize=1230 ok=1
Cmd: compileSnippet
  api=0 type=0 insize=4297 outsize=919 kw=DIRECTIONAL SHADOWS_OFF LIGHTMAP_OFF DIRLIGHTMAP_OFF ok=1
Cmd: compileSnippet
  api=0 type=1 insize=4297 outsize=401 kw=DIRECTIONAL SHADOWS_OFF LIGHTMAP_OFF DIRLIGHTMAP_OFF ok=1
Cmd: compileSnippet
  api=0 type=0 insize=2313 outsize=817 kw=POINT ok=1
Cmd: compileSnippet
  api=0 type=1 insize=2313 outsize=561 kw=POINT ok=1
Cmd: compileSnippet
  api=0 type=0 insize=1841 outsize=457 kw= ok=1
Cmd: compileSnippet
  api=0 type=1 insize=1841 outsize=159 kw= ok=1
Cmd: compileSnippet
  api=0 type=0 insize=4049 outsize=905 kw=LIGHTMAP_OFF DIRLIGHTMAP_OFF HDR_LIGHT_PREPASS_OFF ok=1
Cmd: compileSnippet
  api=0 type=1 insize=4049 outsize=359 kw=LIGHTMAP_OFF DIRLIGHTMAP_OFF HDR_LIGHT_PREPASS_OFF ok=1
Cmd: preprocess
  insize=1546 outsize=457 ok=1
Cmd: compileSnippet
  api=0 type=0 insize=1377 outsize=328 kw= ok=1
Cmd: compileSnippet
  api=0 type=1 insize=1377 outsize=98 kw= ok=1
Cmd: compileSnippet
  api=0 type=0 insize=1367 outsize=328 kw= ok=1
Cmd: compileSnippet
  api=0 type=1 insize=1367 outsize=439 kw= ok=1
Cmd: preprocess
  insize=1183 outsize=296 ok=1
Cmd: compileSnippet
  api=0 type=0 insize=1189 outsize=573 kw= ok=1
Cmd: compileSnippet
  api=0 type=1 insize=1189 outsize=450 kw= ok=1
Cmd: preprocess
  insize=1116 outsize=409 ok=1
Cmd: compileSnippet
  api=0 type=0 insize=1012 outsize=328 kw= ok=1
Cmd: compileSnippet
  api=0 type=1 insize=1012 outsize=545 kw= ok=1
Cmd: preprocess
  insize=6588 outsize=797 ok=1
Cmd: compileSnippet
  api=0 type=0 insize=1834 outsize=425 kw= ok=1
Cmd: compileSnippet
  api=0 type=1 insize=1834 outsize=4830 kw= ok=1
Cmd: compileSnippet
  api=0 type=0 insize=2099 outsize=425 kw= ok=1
Cmd: compileSnippet
  api=0 type=1 insize=2099 outsize=7921 kw= ok=1
Cmd: compileSnippet
  api=0 type=0 insize=2604 outsize=425 kw= ok=1
Cmd: compileSnippet
  api=0 type=1 insize=2604 outsize=14055 kw= ok=1
Cmd: compileSnippet
  api=0 type=0 insize=2877 outsize=369 kw= ok=1
Cmd: compileSnippet
  api=0 type=1 insize=2877 outsize=3794 kw= ok=1
Cmd: compileSnippet
  api=0 type=0 insize=1817 outsize=530 kw= ok=1
Cmd: compileSnippet
  api=0 type=1 insize=1817 outsize=304 kw= ok=1
Cmd: preprocess
  insize=1192 outsize=314 ok=1
Cmd: compileSnippet
  api=0 type=0 insize=1183 outsize=604 kw= ok=1
Cmd: compileSnippet
  api=0 type=1 insize=1183 outsize=466 kw= ok=1
Cmd: preprocess
  insize=641 outsize=1203 ok=1
Cmd: compileSnippet
  api=0 type=0 insize=4631 outsize=961 kw=DIRECTIONAL SHADOWS_OFF LIGHTMAP_OFF DIRLIGHTMAP_OFF ok=1
Cmd: compileSnippet
  api=0 type=1 insize=4631 outsize=406 kw=DIRECTIONAL SHADOWS_OFF LIGHTMAP_OFF DIRLIGHTMAP_OFF ok=1
Cmd: compileSnippet
  api=0 type=0 insize=2631 outsize=859 kw=POINT ok=1
Cmd: compileSnippet
  api=0 type=1 insize=2631 outsize=574 kw=POINT ok=1
Cmd: compileSnippet
  api=0 type=0 insize=2159 outsize=499 kw= ok=1
Cmd: compileSnippet
  api=0 type=1 insize=2159 outsize=159 kw= ok=1
Cmd: compileSnippet
  api=0 type=0 insize=4344 outsize=947 kw=LIGHTMAP_OFF DIRLIGHTMAP_OFF HDR_LIGHT_PREPASS_OFF ok=1
Cmd: compileSnippet
  api=0 type=1 insize=4344 outsize=367 kw=LIGHTMAP_OFF DIRLIGHTMAP_OFF HDR_LIGHT_PREPASS_OFF ok=1
Cmd: preprocess
  insize=2671 outsize=774 ok=1
Cmd: compileSnippet
  api=0 type=0 insize=2000 outsize=375 kw= ok=1
Cmd: compileSnippet
  api=0 type=1 insize=2000 outsize=332 kw= ok=1
Cmd: compileSnippet
  api=0 type=0 insize=1998 outsize=375 kw= ok=1
Cmd: compileSnippet
  api=0 type=1 insize=1998 outsize=256 kw= ok=1
Cmd: compileSnippet
  api=0 type=0 insize=2011 outsize=561 kw= ok=1
Cmd: compileSnippet
  api=0 type=1 insize=2011 outsize=402 kw= ok=1
Cmd: compileSnippet
  api=0 type=0 insize=2009 outsize=375 kw= ok=1
Cmd: compileSnippet
  api=0 type=1 insize=2009 outsize=213 kw= ok=1
Cmd: preprocess
  insize=968 outsize=305 ok=1
Cmd: compileSnippet
  api=0 type=0 insize=968 outsize=328 kw= ok=1
Cmd: compileSnippet
  api=0 type=1 insize=968 outsize=366 kw= ok=1
Cmd: preprocess
  insize=1377 outsize=384 ok=1
Cmd: compileSnippet
  api=0 type=0 insize=1295 outsize=558 kw= ok=1
Cmd: compileSnippet
  api=0 type=1 insize=1295 outsize=472 kw= ok=1
Cmd: preprocess
  insize=1437 outsize=347 ok=1
Cmd: compileSnippet
  api=0 type=0 insize=1396 outsize=979 kw= ok=1
Cmd: compileSnippet
  api=0 type=1 insize=1396 outsize=6 kw= ok=1
Cmd: preprocess
  insize=1709 outsize=728 ok=1
Cmd: compileSnippet
  api=0 type=0 insize=1287 outsize=630 kw= ok=1
Cmd: compileSnippet
  api=0 type=1 insize=1287 outsize=402 kw= ok=1
Cmd: preprocess
  insize=1403 outsize=346 ok=1
Cmd: compileSnippet
  api=0 type=0 insize=1359 outsize=584 kw= ok=1
Cmd: compileSnippet
  api=0 type=1 insize=1359 outsize=453 kw= ok=1
Cmd: preprocess
  insize=1116 outsize=325 ok=1
Cmd: compileSnippet
  api=0 type=0 insize=1096 outsize=328 kw= ok=1
Cmd: compileSnippet
  api=0 type=1 insize=1096 outsize=507 kw= ok=1
Cmd: preprocess
  insize=2165 outsize=643 ok=1
Cmd: compileSnippet
  api=0 type=0 insize=1827 outsize=412 kw= ok=1
Cmd: compileSnippet
  api=0 type=1 insize=1827 outsize=1021 kw= ok=1
Cmd: preprocess
  insize=965 outsize=271 ok=1
Cmd: compileSnippet
  api=0 type=0 insize=994 outsize=355 kw= ok=1
Cmd: compileSnippet
  api=0 type=1 insize=994 outsize=541 kw= ok=1
Cmd: preprocess
  insize=790 outsize=320 ok=1
Cmd: compileSnippet
  api=0 type=0 insize=772 outsize=428 kw= ok=1
Cmd: compileSnippet
  api=0 type=1 insize=772 outsize=408 kw= ok=1
Cmd: preprocess
  insize=1748 outsize=972 ok=1
Cmd: compileSnippet
  api=0 type=0 insize=1078 outsize=397 kw=SOFTPARTICLES_OFF ok=1
Cmd: compileSnippet
  api=0 type=1 insize=1078 outsize=269 kw=SOFTPARTICLES_OFF ok=1
Cmd: preprocess
  insize=32615 outsize=273 ok=1
Cmd: compileSnippet
  api=0 type=0 insize=32644 outsize=8955 kw= ok=1
Cmd: compileSnippet
  api=0 type=1 insize=32644 outsize=6 kw= ok=1
Cmd: preprocess
  insize=1216 outsize=260 ok=1
Cmd: compileSnippet
  api=0 type=0 insize=1258 outsize=430 kw= ok=1
Cmd: compileSnippet
  api=0 type=1 insize=1258 outsize=631 kw= ok=1
Cmd: preprocess
  insize=3375 outsize=706 ok=1
Cmd: compileSnippet
  api=0 type=0 insize=2803 outsize=474 kw= ok=1
Cmd: compileSnippet
  api=0 type=1 insize=2803 outsize=725 kw= ok=1
Cmd: compileSnippet
  api=0 type=0 insize=2794 outsize=474 kw= ok=1
Cmd: compileSnippet
  api=0 type=1 insize=2794 outsize=505 kw= ok=1
Cmd: compileSnippet
  api=0 type=0 insize=2793 outsize=474 kw= ok=1
Cmd: compileSnippet
  api=0 type=1 insize=2793 outsize=544 kw= ok=1
Cmd: compileSnippet
  api=0 type=0 insize=2805 outsize=474 kw= ok=1
Cmd: compileSnippet
  api=0 type=1 insize=2805 outsize=705 kw= ok=1
Cmd: preprocess
  insize=1038 outsize=358 ok=1
Cmd: compileSnippet
  api=0 type=0 insize=985 outsize=328 kw= ok=1
Cmd: compileSnippet
  api=0 type=1 insize=985 outsize=426 kw= ok=1
Cmd: preprocess
  insize=2494 outsize=782 ok=1
Cmd: compileSnippet
  api=0 type=0 insize=1760 outsize=375 kw= ok=1
Cmd: compileSnippet
  api=0 type=1 insize=1760 outsize=256 kw= ok=1
Cmd: compileSnippet
  api=0 type=0 insize=1760 outsize=375 kw= ok=1
Cmd: compileSnippet
  api=0 type=1 insize=1760 outsize=332 kw= ok=1
Cmd: compileSnippet
  api=0 type=0 insize=1763 outsize=375 kw= ok=1
Cmd: compileSnippet
  api=0 type=1 insize=1763 outsize=268 kw= ok=1
Cmd: compileSnippet
  api=0 type=0 insize=1763 outsize=375 kw= ok=1
Cmd: compileSnippet
  api=0 type=1 insize=1763 outsize=462 kw= ok=1
Cmd: compileSnippet
  api=0 type=0 insize=1766 outsize=375 kw= ok=1
Cmd: compileSnippet
  api=0 type=1 insize=1766 outsize=245 kw= ok=1
Cmd: preprocess
  insize=7424 outsize=1109 ok=1
Cmd: compileSnippet
  api=0 type=0 insize=6106 outsize=328 kw= ok=1
Cmd: compileSnippet
  api=0 type=1 insize=6106 outsize=611 kw= ok=1
Cmd: compileSnippet
  api=0 type=0 insize=6110 outsize=328 kw= ok=1
Cmd: compileSnippet
  api=0 type=1 insize=6110 outsize=377 kw= ok=1
Cmd: compileSnippet
  api=0 type=0 insize=6119 outsize=618 kw= ok=1
Cmd: compileSnippet
  api=0 type=1 insize=6119 outsize=1086 kw= ok=1
Cmd: compileSnippet
  api=0 type=0 insize=6113 outsize=618 kw= ok=1
Cmd: compileSnippet
  api=0 type=1 insize=6113 outsize=860 kw= ok=1
Cmd: compileSnippet
  api=0 type=0 insize=6111 outsize=328 kw= ok=1
Cmd: compileSnippet
  api=0 type=1 insize=6111 outsize=425 kw= ok=1
Cmd: compileSnippet
  api=0 type=0 insize=6115 outsize=328 kw= ok=1
Cmd: compileSnippet
  api=0 type=1 insize=6115 outsize=682 kw= ok=1
Cmd: compileSnippet
  api=0 type=0 insize=6119 outsize=618 kw= ok=1
Cmd: compileSnippet
  api=0 type=1 insize=6119 outsize=1122 kw= ok=1
Cmd: compileSnippet
  api=0 type=0 insize=6105 outsize=328 kw= ok=1
Cmd: compileSnippet
  api=0 type=1 insize=6105 outsize=213 kw= ok=1
Cmd: preprocess
  insize=977 outsize=438 ok=1
Cmd: compileSnippet
  api=0 type=0 insize=841 outsize=428 kw= ok=1
Cmd: compileSnippet
  api=0 type=1 insize=841 outsize=224 kw= ok=1
Cmd: preprocess
  insize=13919 outsize=2635 ok=1
Cmd: compileSnippet
  api=0 type=0 insize=10332 outsize=328 kw= ok=1
Cmd: compileSnippet
  api=0 type=1 insize=10332 outsize=236 kw= ok=1
Cmd: compileSnippet
  api=0 type=0 insize=10332 outsize=328 kw= ok=1
Cmd: compileSnippet
  api=0 type=1 insize=10332 outsize=540 kw= ok=1
Cmd: compileSnippet
  api=0 type=0 insize=10332 outsize=328 kw= ok=1
Cmd: compileSnippet
  api=0 type=1 insize=10332 outsize=567 kw= ok=1
Cmd: compileSnippet
  api=0 type=0 insize=10315 outsize=328 kw= ok=1
Cmd: compileSnippet
  api=0 type=1 insize=10315 outsize=333 kw= ok=1
Cmd: compileSnippet
  api=0 type=0 insize=10334 outsize=328 kw= ok=1
Cmd: compileSnippet
  api=0 type=1 insize=10334 outsize=358 kw= ok=1
Cmd: compileSnippet
  api=0 type=0 insize=10315 outsize=328 kw= ok=1
Cmd: compileSnippet
  api=0 type=1 insize=10315 outsize=396 kw= ok=1
Cmd: compileSnippet
  api=0 type=0 insize=10360 outsize=478 kw= ok=1
Cmd: compileSnippet
  api=0 type=1 insize=10360 outsize=707 kw= ok=1
Cmd: compileSnippet
  api=0 type=0 insize=10314 outsize=328 kw= ok=1
Cmd: compileSnippet
  api=0 type=1 insize=10314 outsize=127 kw= ok=1
Cmd: compileSnippet
  api=0 type=0 insize=10318 outsize=328 kw= ok=1
Cmd: compileSnippet
  api=0 type=1 insize=10318 outsize=133 kw= ok=1
Cmd: compileSnippet
  api=0 type=0 insize=10340 outsize=1085 kw= ok=1
Cmd: compileSnippet
  api=0 type=1 insize=10340 outsize=1198 kw= ok=1
Cmd: compileSnippet
  api=0 type=0 insize=10334 outsize=1085 kw= ok=1
Cmd: compileSnippet
  api=0 type=1 insize=10334 outsize=1251 kw= ok=1
Cmd: compileSnippet
  api=0 type=0 insize=10340 outsize=1085 kw= ok=1
Cmd: compileSnippet
  api=0 type=1 insize=10340 outsize=1198 kw= ok=1
Cmd: preprocess
  insize=1950 outsize=489 ok=1
Cmd: compileSnippet
  api=0 type=0 insize=1736 outsize=328 kw= ok=1
Cmd: compileSnippet
  api=0 type=1 insize=1736 outsize=603 kw= ok=1
Cmd: compileSnippet
  api=0 type=0 insize=1749 outsize=328 kw= ok=1
Cmd: compileSnippet
  api=0 type=1 insize=1749 outsize=643 kw= ok=1
Cmd: preprocess
  insize=1604 outsize=302 ok=1
Cmd: compileSnippet
  api=0 type=0 insize=1607 outsize=695 kw= ok=1
Cmd: compileSnippet
  api=0 type=1 insize=1607 outsize=994 kw= ok=1
Cmd: preprocess
  insize=24592 outsize=3233 ok=1
Cmd: compileSnippet
  api=0 type=0 insize=20010 outsize=821 kw= ok=1
Cmd: compileSnippet
  api=0 type=1 insize=20010 outsize=6 kw= ok=1
Cmd: compileSnippet
  api=0 type=0 insize=20005 outsize=513 kw= ok=1
Cmd: compileSnippet
  api=0 type=1 insize=20005 outsize=6 kw= ok=1
Cmd: compileSnippet
  api=0 type=0 insize=20021 outsize=2014 kw= ok=1
Cmd: compileSnippet
  api=0 type=1 insize=20021 outsize=6 kw= ok=1
Cmd: compileSnippet
  api=0 type=0 insize=20006 outsize=821 kw= ok=1
Cmd: compileSnippet
  api=0 type=1 insize=20006 outsize=6 kw= ok=1
Cmd: compileSnippet
  api=0 type=0 insize=20016 outsize=808 kw= ok=1
Cmd: compileSnippet
  api=0 type=1 insize=20016 outsize=6 kw= ok=1
Cmd: compileSnippet
  api=0 type=0 insize=20015 outsize=2831 kw= ok=1
Cmd: compileSnippet
  api=0 type=1 insize=20015 outsize=6 kw= ok=1
Cmd: compileSnippet
  api=0 type=0 insize=19971 outsize=375 kw= ok=1
Cmd: compileSnippet
  api=0 type=1 insize=19971 outsize=698 kw= ok=1
Cmd: compileSnippet
  api=0 type=0 insize=20009 outsize=746 kw= ok=1
Cmd: compileSnippet
  api=0 type=1 insize=20009 outsize=6 kw= ok=1
Cmd: compileSnippet
  api=0 type=0 insize=19977 outsize=674 kw= ok=1
Cmd: compileSnippet
  api=0 type=1 insize=19977 outsize=6 kw= ok=1
Cmd: compileSnippet
  api=0 type=0 insize=20014 outsize=2602 kw= ok=1
Cmd: compileSnippet
  api=0 type=1 insize=20014 outsize=6 kw= ok=1
Cmd: compileSnippet
  api=0 type=0 insize=20007 outsize=2046 kw= ok=1
Cmd: compileSnippet
  api=0 type=1 insize=20007 outsize=6 kw= ok=1
Cmd: compileSnippet
  api=0 type=0 insize=20010 outsize=2621 kw= ok=1
Cmd: compileSnippet
  api=0 type=1 insize=20010 outsize=6 kw= ok=1
Cmd: compileSnippet
  api=0 type=0 insize=20016 outsize=2884 kw= ok=1
Cmd: compileSnippet
  api=0 type=1 insize=20016 outsize=6 kw= ok=1
Cmd: compileSnippet
  api=0 type=0 insize=20013 outsize=2310 kw= ok=1
Cmd: compileSnippet
  api=0 type=1 insize=20013 outsize=6 kw= ok=1
Cmd: compileSnippet
  api=0 type=0 insize=20006 outsize=4288 kw= ok=1
Cmd: compileSnippet
  api=0 type=1 insize=20006 outsize=6 kw= ok=1
Cmd: compileSnippet
  api=0 type=0 insize=20011 outsize=4534 kw= ok=1
Cmd: compileSnippet
  api=0 type=1 insize=20011 outsize=6 kw= ok=1
Cmd: preprocess
  insize=2633 outsize=353 ok=1
Cmd: compileSnippet
  api=0 type=0 insize=2586 outsize=419 kw= ok=1
Cmd: compileSnippet
  api=0 type=1 insize=2586 outsize=1087 kw= ok=1
Cmd: preprocess
  error: 1 plat 15 at (95): Compiling shaders to OpenGL ES 2.0, Xbox 360, PS3, Flash or DX11 requires both vertex and fragment programs
  insize=2292 outsize=1222 ok=1
Cmd: compileSnippet
  api=0 type=0 insize=1310 outsize=766 kw= ok=1
Cmd: compileSnippet
  api=0 type=1 insize=1310 outsize=518 kw= ok=1
Cmd: compileSnippet
  api=0 type=0 insize=1017 outsize=766 kw= ok=1
Cmd: preprocess
  insize=1737 outsize=297 ok=1
Cmd: compileSnippet
  api=0 type=0 insize=1742 outsize=671 kw= ok=1
Cmd: compileSnippet
  api=0 type=1 insize=1742 outsize=1369 kw= ok=1
Cmd: preprocess
  insize=1026 outsize=351 ok=1
Cmd: compileSnippet
  api=0 type=0 insize=977 outsize=328 kw= ok=1
Cmd: compileSnippet
  api=0 type=1 insize=977 outsize=471 kw= ok=1
Cmd: preprocess
  insize=738 outsize=267 ok=1
Cmd: compileSnippet
  api=0 type=0 insize=771 outsize=428 kw= ok=1
Cmd: compileSnippet
  api=0 type=1 insize=771 outsize=312 kw= ok=1
Cmd: preprocess
  insize=5809 outsize=873 ok=1
Cmd: compileSnippet
  api=0 type=0 insize=4898 outsize=618 kw= ok=1
Cmd: compileSnippet
  api=0 type=1 insize=4898 outsize=805 kw= ok=1
Cmd: compileSnippet
  api=0 type=0 insize=4901 outsize=618 kw= ok=1
Cmd: compileSnippet
  api=0 type=1 insize=4901 outsize=591 kw= ok=1
Cmd: compileSnippet
  api=0 type=0 insize=4905 outsize=618 kw= ok=1
Cmd: compileSnippet
  api=0 type=1 insize=4905 outsize=633 kw= ok=1
Cmd: compileSnippet
  api=0 type=0 insize=4914 outsize=328 kw= ok=1
Cmd: compileSnippet
  api=0 type=1 insize=4914 outsize=304 kw= ok=1
Cmd: compileSnippet
  api=0 type=0 insize=4895 outsize=618 kw= ok=1
Cmd: compileSnippet
  api=0 type=1 insize=4895 outsize=805 kw= ok=1
Cmd: preprocess
  insize=586 outsize=360 ok=1
Cmd: compileSnippet
  api=0 type=0 insize=528 outsize=428 kw= ok=1
Cmd: compileSnippet
  api=0 type=1 insize=528 outsize=332 kw= ok=1
Cmd: preprocess
  insize=32625 outsize=273 ok=1
Cmd: compileSnippet
  api=0 type=0 insize=32654 outsize=8863 kw= ok=1
Cmd: compileSnippet
  api=0 type=1 insize=32654 outsize=6 kw= ok=1
Cmd: preprocess
  insize=5109 outsize=1741 ok=1
Cmd: compileSnippet
  api=0 type=0 insize=3672 outsize=3830 kw= ok=1
Cmd: compileSnippet
  api=0 type=1 insize=3672 outsize=6 kw= ok=1
Cmd: preprocess
  insize=6780 outsize=255 ok=1
Cmd: compileSnippet
  api=0 type=0 insize=6827 outsize=3185 kw= ok=1
Cmd: compileSnippet
  api=0 type=1 insize=6827 outsize=6 kw= ok=1
Cmd: preprocess
  insize=4425 outsize=555 ok=1
Cmd: compileSnippet
  api=0 type=0 insize=4129 outsize=847 kw= ok=1
Cmd: compileSnippet
  api=0 type=1 insize=4129 outsize=1540 kw= ok=1
Cmd: compileSnippet
  api=0 type=0 insize=4135 outsize=847 kw= ok=1
Cmd: compileSnippet
  api=0 type=1 insize=4135 outsize=1165 kw= ok=1
Cmd: preprocess
  insize=4869 outsize=1093 ok=1
Cmd: compileSnippet
  api=0 type=0 insize=3760 outsize=328 kw= ok=1
Cmd: compileSnippet
  api=0 type=1 insize=3760 outsize=330 kw= ok=1
Cmd: compileSnippet
  api=0 type=0 insize=3768 outsize=435 kw= ok=1
Cmd: compileSnippet
  api=0 type=1 insize=3768 outsize=719 kw= ok=1
Cmd: compileSnippet
  api=0 type=0 insize=3766 outsize=328 kw= ok=1
Cmd: compileSnippet
  api=0 type=1 insize=3766 outsize=638 kw= ok=1
Cmd: compileSnippet
  api=0 type=0 insize=3768 outsize=328 kw= ok=1
Cmd: compileSnippet
  api=0 type=1 insize=3768 outsize=678 kw= ok=1
Cmd: compileSnippet
  api=0 type=0 insize=3758 outsize=328 kw= ok=1
Cmd: compileSnippet
  api=0 type=1 insize=3758 outsize=270 kw= ok=1
Cmd: preprocess
  insize=778 outsize=304 ok=1
Cmd: compileSnippet
  api=0 type=0 insize=776 outsize=328 kw= ok=1
Cmd: compileSnippet
  api=0 type=1 insize=776 outsize=158 kw= ok=1
Cmd: preprocess
  insize=721 outsize=317 ok=1
Cmd: compileSnippet
  api=0 type=0 insize=706 outsize=428 kw= ok=1
Cmd: compileSnippet
  api=0 type=1 insize=706 outsize=338 kw= ok=1
Cmd: preprocess
  insize=1746 outsize=971 ok=1
Cmd: compileSnippet
  api=0 type=0 insize=1077 outsize=397 kw=SOFTPARTICLES_OFF ok=1
Cmd: compileSnippet
  api=0 type=1 insize=1077 outsize=269 kw=SOFTPARTICLES_OFF ok=1
Cmd: preprocess
  insize=3918 outsize=650 ok=1
Cmd: compileSnippet
  api=0 type=0 insize=3311 outsize=328 kw= ok=1
Cmd: compileSnippet
  api=0 type=1 insize=3311 outsize=368 kw= ok=1
Cmd: compileSnippet
  api=0 type=0 insize=3319 outsize=753 kw= ok=1
Cmd: compileSnippet
  api=0 type=1 insize=3319 outsize=569 kw= ok=1
Cmd: compileSnippet
  api=0 type=0 insize=3328 outsize=741 kw= ok=1
Cmd: compileSnippet
  api=0 type=1 insize=3328 outsize=729 kw= ok=1
Cmd: compileSnippet
  api=0 type=0 insize=3323 outsize=741 kw= ok=1
Cmd: compileSnippet
  api=0 type=1 insize=3323 outsize=714 kw= ok=1
Cmd: preprocess
  insize=883 outsize=301 ok=1
Cmd: compileSnippet
  api=0 type=0 insize=887 outsize=328 kw= ok=1
Cmd: compileSnippet
  api=0 type=1 insize=887 outsize=346 kw= ok=1
Cmd: preprocess
  insize=1725 outsize=1007 ok=1
Cmd: compileSnippet
  api=0 type=0 insize=1020 outsize=397 kw= ok=1
Cmd: compileSnippet
  api=0 type=1 insize=1020 outsize=290 kw= ok=1
Cmd: preprocess
  insize=1339 outsize=296 ok=1
Cmd: compileSnippet
  api=0 type=0 insize=1347 outsize=618 kw= ok=1
Cmd: compileSnippet
  api=0 type=1 insize=1347 outsize=787 kw= ok=1
Cmd: preprocess
  insize=2143 outsize=983 ok=1
Cmd: compileSnippet
  api=0 type=0 insize=905 outsize=365 kw= ok=1
Cmd: compileSnippet
  api=0 type=1 insize=905 outsize=200 kw= ok=1
Cmd: compileSnippet
  api=0 type=0 insize=860 outsize=365 kw= ok=1
Cmd: compileSnippet
  api=0 type=1 insize=860 outsize=133 kw= ok=1
Cmd: preprocess
  insize=1080 outsize=489 ok=1
Cmd: compileSnippet
  api=0 type=0 insize=893 outsize=468 kw= ok=1
Cmd: compileSnippet
  api=0 type=1 insize=893 outsize=269 kw= ok=1
Cmd: preprocess
  insize=1213 outsize=389 ok=1
Cmd: compileSnippet
  api=0 type=0 insize=1129 outsize=435 kw= ok=1
Cmd: compileSnippet
  api=0 type=1 insize=1129 outsize=719 kw= ok=1
Cmd: preprocess
  insize=574 outsize=259 ok=1
Cmd: compileSnippet
  api=0 type=0 insize=617 outsize=281 kw= ok=1
Cmd: compileSnippet
  api=0 type=1 insize=617 outsize=127 kw= ok=1
Cmd: preprocess
  insize=724 outsize=315 ok=1
Cmd: compileSnippet
  api=0 type=0 insize=714 outsize=328 kw= ok=1
Cmd: compileSnippet
  api=0 type=1 insize=714 outsize=197 kw= ok=1
Cmd: preprocess
  insize=1727 outsize=682 ok=1
Cmd: compileSnippet
  api=0 type=0 insize=1346 outsize=762 kw= ok=1
Cmd: compileSnippet
  api=0 type=1 insize=1346 outsize=442 kw= ok=1
Cmd: compileSnippet
  api=0 type=0 insize=2313 outsize=560 kw=DIRECTIONAL ok=1
Cmd: compileSnippet
  api=0 type=1 insize=2313 outsize=380 kw=DIRECTIONAL ok=1
Cmd: compileSnippet
  api=0 type=0 insize=2631 outsize=602 kw=DIRECTIONAL ok=1
Cmd: compileSnippet
  api=0 type=1 insize=2631 outsize=393 kw=DIRECTIONAL ok=1
